2024-09-25 18:46:03.549 [vert.x-eventloop-thread-0] INFO  com.primary.Main - Configuration loaded: {
  "type" : "Primary",
  "ip" : "127.0.0.1",
  "port" : 5555,
  "pingPort" : 4444
}
2024-09-25 18:46:04.076 [vert.x-eventloop-thread-0] INFO  com.primary.Main - Response status: 200
2024-09-25 18:46:04.147 [Thread-2] INFO  com.primary.Main - Started listening on port: 5555
2024-09-25 18:51:04.201 [Thread-2] INFO  com.primary.Main - Received event: filename data/20240925_184732.txt
2024-09-25 18:51:04.205 [Thread-2] INFO  com.primary.Main - Received event: {"IP":"10.20.40.203","Packets transmitted":"5","Packets received":"5","Packet loss":"0","Minimum latency":"26.7","Average latency":"69.0","Maximum latency":"115"}
2024-09-25 18:51:04.206 [Thread-2] INFO  com.primary.Main - Received event: completed
2024-09-25 18:51:04.209 [Thread-2] INFO  com.primary.Main - Received event: filename data/20240925_184736.txt
2024-09-25 18:51:04.210 [Thread-2] INFO  com.primary.Main - Received event: {"IP":"10.20.40.203","Packets transmitted":"5","Packets received":"5","Packet loss":"0","Minimum latency":"4.60","Average latency":"79.7","Maximum latency":"207"}
2024-09-25 18:51:04.211 [Thread-2] INFO  com.primary.Main - Received event: completed
2024-09-25 18:51:04.214 [Thread-2] INFO  com.primary.Main - Received event: filename data/20240925_184740.txt
2024-09-25 18:51:04.216 [Thread-2] INFO  com.primary.Main - Received event: {"IP":"10.20.40.203","Packets transmitted":"5","Packets received":"5","Packet loss":"0","Minimum latency":"6.99","Average latency":"44.4","Maximum latency":"86.2"}
2024-09-25 18:51:04.218 [Thread-2] INFO  com.primary.Main - Received event: completed
2024-09-25 18:51:04.219 [Thread-2] INFO  com.primary.Main - Received event: filename data/20240925_184744.txt
2024-09-25 18:51:04.219 [Thread-2] INFO  com.primary.Main - Received event: {"IP":"10.20.40.177","Packets transmitted":"5","Packets received":"5","Packet loss":"0","Minimum latency":"5.22","Average latency":"47.0","Maximum latency":"96.9"}
2024-09-25 18:51:04.219 [Thread-2] INFO  com.primary.Main - Received event: {"IP":"10.20.40.203","Packets transmitted":"5","Packets received":"5","Packet loss":"0","Minimum latency":"4.92","Average latency":"51.0","Maximum latency":"92.7"}
2024-09-25 18:51:04.220 [Thread-2] INFO  com.primary.Main - Received event: completed
2024-09-25 18:51:04.220 [Thread-2] INFO  com.primary.Main - Received event: filename data/20240925_184749.txt
2024-09-25 18:51:04.220 [Thread-2] INFO  com.primary.Main - Received event: {"IP":"10.20.40.177","Packets transmitted":"5","Packets received":"5","Packet loss":"0","Minimum latency":"5.10","Average latency":"40.4","Maximum latency":"83.7"}
2024-09-25 18:51:04.220 [Thread-2] INFO  com.primary.Main - Received event: {"IP":"10.20.40.203","Packets transmitted":"5","Packets received":"5","Packet loss":"0","Minimum latency":"5.42","Average latency":"40.6","Maximum latency":"80.4"}
2024-09-25 18:51:04.222 [Thread-2] INFO  com.primary.Main - Received event: completed
2024-09-25 18:51:04.225 [vert.x-eventloop-thread-2] ERROR com.primary.Main - Failed to open file for writing: {}
io.vertx.core.file.FileSystemException: Unable to open file at path '/home/darshan/Primary/primarydata/20240925_184732.txt'
	at io.vertx.core.file.impl.AsyncFileImpl.<init>(AsyncFileImpl.java:108)
	at io.vertx.core.file.impl.FileSystemImpl.doOpen(FileSystemImpl.java:1104)
	at io.vertx.core.file.impl.FileSystemImpl$18.perform(FileSystemImpl.java:1098)
	at io.vertx.core.file.impl.FileSystemImpl$18.perform(FileSystemImpl.java:1095)
	at io.vertx.core.file.impl.FileSystemImpl$BlockingAction.handle(FileSystemImpl.java:1174)
	at io.vertx.core.file.impl.FileSystemImpl$BlockingAction.handle(FileSystemImpl.java:1156)
	at io.vertx.core.impl.ContextImpl.lambda$executeBlocking$1(ContextImpl.java:191)
	at io.vertx.core.impl.ContextInternal.dispatch(ContextInternal.java:279)
	at io.vertx.core.impl.ContextImpl.lambda$internalExecuteBlocking$2(ContextImpl.java:210)
	at io.vertx.core.impl.TaskQueue.run(TaskQueue.java:76)
	at java.base/java.util.concurrent.ThreadPoolExecutor.runWorker(ThreadPoolExecutor.java:1136)
	at java.base/java.util.concurrent.ThreadPoolExecutor$Worker.run(ThreadPoolExecutor.java:635)
	at io.netty.util.concurrent.FastThreadLocalRunnable.run(FastThreadLocalRunnable.java:30)
	at java.base/java.lang.Thread.run(Thread.java:842)
Caused by: java.nio.file.NoSuchFileException: /home/darshan/Primary/primarydata/20240925_184732.txt
	at java.base/sun.nio.fs.UnixException.translateToIOException(UnixException.java:92)
	at java.base/sun.nio.fs.UnixException.rethrowAsIOException(UnixException.java:106)
	at java.base/sun.nio.fs.UnixException.rethrowAsIOException(UnixException.java:111)
	at java.base/sun.nio.fs.UnixFileSystemProvider.newAsynchronousFileChannel(UnixFileSystemProvider.java:200)
	at java.base/java.nio.channels.AsynchronousFileChannel.open(AsynchronousFileChannel.java:259)
	at io.vertx.core.file.impl.AsyncFileImpl.<init>(AsyncFileImpl.java:104)
	... 13 common frames omitted
2024-09-25 18:51:04.229 [vert.x-eventloop-thread-2] ERROR com.primary.Main - Failed to open file for writing: {}
io.vertx.core.file.FileSystemException: Unable to open file at path '/home/darshan/Primary/primarydata/20240925_184736.txt'
	at io.vertx.core.file.impl.AsyncFileImpl.<init>(AsyncFileImpl.java:108)
	at io.vertx.core.file.impl.FileSystemImpl.doOpen(FileSystemImpl.java:1104)
	at io.vertx.core.file.impl.FileSystemImpl$18.perform(FileSystemImpl.java:1098)
	at io.vertx.core.file.impl.FileSystemImpl$18.perform(FileSystemImpl.java:1095)
	at io.vertx.core.file.impl.FileSystemImpl$BlockingAction.handle(FileSystemImpl.java:1174)
	at io.vertx.core.file.impl.FileSystemImpl$BlockingAction.handle(FileSystemImpl.java:1156)
	at io.vertx.core.impl.ContextImpl.lambda$executeBlocking$1(ContextImpl.java:191)
	at io.vertx.core.impl.ContextInternal.dispatch(ContextInternal.java:279)
	at io.vertx.core.impl.ContextImpl.lambda$internalExecuteBlocking$2(ContextImpl.java:210)
	at io.vertx.core.impl.TaskQueue.run(TaskQueue.java:76)
	at java.base/java.util.concurrent.ThreadPoolExecutor.runWorker(ThreadPoolExecutor.java:1136)
	at java.base/java.util.concurrent.ThreadPoolExecutor$Worker.run(ThreadPoolExecutor.java:635)
	at io.netty.util.concurrent.FastThreadLocalRunnable.run(FastThreadLocalRunnable.java:30)
	at java.base/java.lang.Thread.run(Thread.java:842)
Caused by: java.nio.file.NoSuchFileException: /home/darshan/Primary/primarydata/20240925_184736.txt
	at java.base/sun.nio.fs.UnixException.translateToIOException(UnixException.java:92)
	at java.base/sun.nio.fs.UnixException.rethrowAsIOException(UnixException.java:106)
	at java.base/sun.nio.fs.UnixException.rethrowAsIOException(UnixException.java:111)
	at java.base/sun.nio.fs.UnixFileSystemProvider.newAsynchronousFileChannel(UnixFileSystemProvider.java:200)
	at java.base/java.nio.channels.AsynchronousFileChannel.open(AsynchronousFileChannel.java:259)
	at io.vertx.core.file.impl.AsyncFileImpl.<init>(AsyncFileImpl.java:104)
	... 13 common frames omitted
2024-09-25 18:51:04.230 [vert.x-eventloop-thread-2] ERROR com.primary.Main - Failed to open file for writing: {}
io.vertx.core.file.FileSystemException: Unable to open file at path '/home/darshan/Primary/primarydata/20240925_184740.txt'
	at io.vertx.core.file.impl.AsyncFileImpl.<init>(AsyncFileImpl.java:108)
	at io.vertx.core.file.impl.FileSystemImpl.doOpen(FileSystemImpl.java:1104)
	at io.vertx.core.file.impl.FileSystemImpl$18.perform(FileSystemImpl.java:1098)
	at io.vertx.core.file.impl.FileSystemImpl$18.perform(FileSystemImpl.java:1095)
	at io.vertx.core.file.impl.FileSystemImpl$BlockingAction.handle(FileSystemImpl.java:1174)
	at io.vertx.core.file.impl.FileSystemImpl$BlockingAction.handle(FileSystemImpl.java:1156)
	at io.vertx.core.impl.ContextImpl.lambda$executeBlocking$1(ContextImpl.java:191)
	at io.vertx.core.impl.ContextInternal.dispatch(ContextInternal.java:279)
	at io.vertx.core.impl.ContextImpl.lambda$internalExecuteBlocking$2(ContextImpl.java:210)
	at io.vertx.core.impl.TaskQueue.run(TaskQueue.java:76)
	at java.base/java.util.concurrent.ThreadPoolExecutor.runWorker(ThreadPoolExecutor.java:1136)
	at java.base/java.util.concurrent.ThreadPoolExecutor$Worker.run(ThreadPoolExecutor.java:635)
	at io.netty.util.concurrent.FastThreadLocalRunnable.run(FastThreadLocalRunnable.java:30)
	at java.base/java.lang.Thread.run(Thread.java:842)
Caused by: java.nio.file.NoSuchFileException: /home/darshan/Primary/primarydata/20240925_184740.txt
	at java.base/sun.nio.fs.UnixException.translateToIOException(UnixException.java:92)
	at java.base/sun.nio.fs.UnixException.rethrowAsIOException(UnixException.java:106)
	at java.base/sun.nio.fs.UnixException.rethrowAsIOException(UnixException.java:111)
	at java.base/sun.nio.fs.UnixFileSystemProvider.newAsynchronousFileChannel(UnixFileSystemProvider.java:200)
	at java.base/java.nio.channels.AsynchronousFileChannel.open(AsynchronousFileChannel.java:259)
	at io.vertx.core.file.impl.AsyncFileImpl.<init>(AsyncFileImpl.java:104)
	... 13 common frames omitted
2024-09-25 18:51:04.231 [vert.x-eventloop-thread-2] ERROR com.primary.Main - Failed to open file for writing: {}
io.vertx.core.file.FileSystemException: Unable to open file at path '/home/darshan/Primary/primarydata/20240925_184744.txt'
	at io.vertx.core.file.impl.AsyncFileImpl.<init>(AsyncFileImpl.java:108)
	at io.vertx.core.file.impl.FileSystemImpl.doOpen(FileSystemImpl.java:1104)
	at io.vertx.core.file.impl.FileSystemImpl$18.perform(FileSystemImpl.java:1098)
	at io.vertx.core.file.impl.FileSystemImpl$18.perform(FileSystemImpl.java:1095)
	at io.vertx.core.file.impl.FileSystemImpl$BlockingAction.handle(FileSystemImpl.java:1174)
	at io.vertx.core.file.impl.FileSystemImpl$BlockingAction.handle(FileSystemImpl.java:1156)
	at io.vertx.core.impl.ContextImpl.lambda$executeBlocking$1(ContextImpl.java:191)
	at io.vertx.core.impl.ContextInternal.dispatch(ContextInternal.java:279)
	at io.vertx.core.impl.ContextImpl.lambda$internalExecuteBlocking$2(ContextImpl.java:210)
	at io.vertx.core.impl.TaskQueue.run(TaskQueue.java:76)
	at java.base/java.util.concurrent.ThreadPoolExecutor.runWorker(ThreadPoolExecutor.java:1136)
	at java.base/java.util.concurrent.ThreadPoolExecutor$Worker.run(ThreadPoolExecutor.java:635)
	at io.netty.util.concurrent.FastThreadLocalRunnable.run(FastThreadLocalRunnable.java:30)
	at java.base/java.lang.Thread.run(Thread.java:842)
Caused by: java.nio.file.NoSuchFileException: /home/darshan/Primary/primarydata/20240925_184744.txt
	at java.base/sun.nio.fs.UnixException.translateToIOException(UnixException.java:92)
	at java.base/sun.nio.fs.UnixException.rethrowAsIOException(UnixException.java:106)
	at java.base/sun.nio.fs.UnixException.rethrowAsIOException(UnixException.java:111)
	at java.base/sun.nio.fs.UnixFileSystemProvider.newAsynchronousFileChannel(UnixFileSystemProvider.java:200)
	at java.base/java.nio.channels.AsynchronousFileChannel.open(AsynchronousFileChannel.java:259)
	at io.vertx.core.file.impl.AsyncFileImpl.<init>(AsyncFileImpl.java:104)
	... 13 common frames omitted
2024-09-25 18:51:04.231 [vert.x-eventloop-thread-2] ERROR com.primary.Main - Failed to open file for writing: {}
io.vertx.core.file.FileSystemException: Unable to open file at path '/home/darshan/Primary/primarydata/20240925_184749.txt'
	at io.vertx.core.file.impl.AsyncFileImpl.<init>(AsyncFileImpl.java:108)
	at io.vertx.core.file.impl.FileSystemImpl.doOpen(FileSystemImpl.java:1104)
	at io.vertx.core.file.impl.FileSystemImpl$18.perform(FileSystemImpl.java:1098)
	at io.vertx.core.file.impl.FileSystemImpl$18.perform(FileSystemImpl.java:1095)
	at io.vertx.core.file.impl.FileSystemImpl$BlockingAction.handle(FileSystemImpl.java:1174)
	at io.vertx.core.file.impl.FileSystemImpl$BlockingAction.handle(FileSystemImpl.java:1156)
	at io.vertx.core.impl.ContextImpl.lambda$executeBlocking$1(ContextImpl.java:191)
	at io.vertx.core.impl.ContextInternal.dispatch(ContextInternal.java:279)
	at io.vertx.core.impl.ContextImpl.lambda$internalExecuteBlocking$2(ContextImpl.java:210)
	at io.vertx.core.impl.TaskQueue.run(TaskQueue.java:76)
	at java.base/java.util.concurrent.ThreadPoolExecutor.runWorker(ThreadPoolExecutor.java:1136)
	at java.base/java.util.concurrent.ThreadPoolExecutor$Worker.run(ThreadPoolExecutor.java:635)
	at io.netty.util.concurrent.FastThreadLocalRunnable.run(FastThreadLocalRunnable.java:30)
	at java.base/java.lang.Thread.run(Thread.java:842)
Caused by: java.nio.file.NoSuchFileException: /home/darshan/Primary/primarydata/20240925_184749.txt
	at java.base/sun.nio.fs.UnixException.translateToIOException(UnixException.java:92)
	at java.base/sun.nio.fs.UnixException.rethrowAsIOException(UnixException.java:106)
	at java.base/sun.nio.fs.UnixException.rethrowAsIOException(UnixException.java:111)
	at java.base/sun.nio.fs.UnixFileSystemProvider.newAsynchronousFileChannel(UnixFileSystemProvider.java:200)
	at java.base/java.nio.channels.AsynchronousFileChannel.open(AsynchronousFileChannel.java:259)
	at io.vertx.core.file.impl.AsyncFileImpl.<init>(AsyncFileImpl.java:104)
	... 13 common frames omitted
2024-09-25 18:56:36.518 [vert.x-eventloop-thread-0] INFO  com.primary.Main - Configuration loaded: {
  "type" : "Primary",
  "ip" : "127.0.0.1",
  "port" : 5555,
  "pingPort" : 4444
}
2024-09-25 18:56:37.126 [vert.x-eventloop-thread-0] INFO  com.primary.Main - Response status: 200
2024-09-25 18:56:37.183 [Thread-2] INFO  com.primary.Main - Started listening on port: 5555
